[0m2021.05.20 15:09:01 INFO  Started: Metals version 0.10.3 in workspace '/Users/gemuruhgeopratama/Documents/FightForGlory/scala/akka-http-fupload' for client Visual Studio Code 1.56.2.[0m
[0m2021.05.20 15:09:02 INFO  time: initialize in 1.15s[0m
[0m2021.05.20 15:09:02 WARN  Build server is not auto-connectable.[0m
[0m2021.05.20 15:09:10 INFO  running '/Users/gemuruhgeopratama/.sdkman/candidates/java/current/bin/java -Djline.terminal=jline.UnsupportedTerminal -Dsbt.log.noformat=true -Dfile.encoding=UTF-8 -jar /var/folders/64/9m3qkf3j3998dzzxqwc3dkg80000gn/T/metals5675626502025911118/sbt-launch.jar -Dbloop.export-jar-classifiers=sources bloopInstall'[0m
[0m2021.05.20 15:09:11 WARN  no build target for: /Users/gemuruhgeopratama/Documents/FightForGlory/scala/akka-http-fupload/project/metals.sbt[0m
[0m2021.05.20 15:09:11 WARN  no build target for: /Users/gemuruhgeopratama/Documents/FightForGlory/scala/akka-http-fupload/project/project/metals.sbt[0m
[0m2021.05.20 15:09:11 INFO  skipping build import with status 'Started'[0m
[0m2021.05.20 15:09:11 WARN  no build target for: /Users/gemuruhgeopratama/Documents/FightForGlory/scala/akka-http-fupload/project/metals.sbt[0m
[0m2021.05.20 15:09:11 WARN  no build target for: /Users/gemuruhgeopratama/Documents/FightForGlory/scala/akka-http-fupload/project/project/metals.sbt[0m
[0m2021.05.20 15:09:11 INFO  skipping build import with status 'Started'[0m
[0m2021.05.20 15:09:12 INFO  [info] welcome to sbt 1.4.7 (Eclipse OpenJ9 Java 1.8.0_275)[0m
[0m2021.05.20 15:09:14 INFO  [info] loading global plugins from /Users/gemuruhgeopratama/.sbt/1.0/plugins[0m
[0m2021.05.20 15:09:17 INFO  [info] loading settings for project akka-http-fupload-build-build-build from metals.sbt ...[0m
[0m2021.05.20 15:09:17 INFO  [info] loading project definition from /Users/gemuruhgeopratama/Documents/FightForGlory/scala/akka-http-fupload/project/project/project[0m
[0m2021.05.20 15:09:18 INFO  no build target: using presentation compiler with only scala-library: 2.12.13[0m
[0m2021.05.20 15:09:23 WARN  no build target for: /Users/gemuruhgeopratama/Documents/FightForGlory/scala/akka-http-fupload/src/main/scala/com/geo/fu/MinioGetObjectList.scala[0m
[0m2021.05.20 15:09:25 INFO  time: code lens generation in 1.3s[0m
[0m2021.05.20 15:09:25 INFO  [info] loading settings for project akka-http-fupload-build-build from metals.sbt ...[0m
[0m2021.05.20 15:09:25 INFO  [info] loading project definition from /Users/gemuruhgeopratama/Documents/FightForGlory/scala/akka-http-fupload/project/project[0m
[0m2021.05.20 15:09:28 WARN  no build target for: /Users/gemuruhgeopratama/Documents/FightForGlory/scala/akka-http-fupload/src/main/scala/com/geo/fu/MinioFileUpload.scala[0m
[0m2021.05.20 15:09:34 WARN  no build target for: /Users/gemuruhgeopratama/Documents/FightForGlory/scala/akka-http-fupload/src/main/scala/com/geo/fu/RouteFileUpload.scala[0m
[0m2021.05.20 15:09:35 INFO  [success] Generated .bloop/akka-http-fupload-build-build.json[0m
[0m2021.05.20 15:09:35 INFO  [success] Total time: 10 s, completed May 20, 2021 3:09:35 PM[0m
[0m2021.05.20 15:09:37 INFO  [info] loading settings for project akka-http-fupload-build from metals.sbt,plugins.sbt ...[0m
[0m2021.05.20 15:09:37 INFO  [info] loading project definition from /Users/gemuruhgeopratama/Documents/FightForGlory/scala/akka-http-fupload/project[0m
[0m2021.05.20 15:09:41 INFO  [warn] There may be incompatibilities among your library dependencies; run 'evicted' to see detailed eviction warnings.[0m
[0m2021.05.20 15:09:41 INFO  [success] Generated .bloop/akka-http-fupload-build.json[0m
[0m2021.05.20 15:09:41 INFO  [success] Total time: 4 s, completed May 20, 2021 3:09:41 PM[0m
[0m2021.05.20 15:09:44 WARN  no build target for: /Users/gemuruhgeopratama/Documents/FightForGlory/scala/akka-http-fupload/src/main/scala/com/geo/fu/Main.scala[0m
[0m2021.05.20 15:09:45 INFO  [info] loading settings for project root from build.sbt ...[0m
[0m2021.05.20 15:09:45 INFO  [info] set current project to akka-http-fupload (in build file:/Users/gemuruhgeopratama/Documents/FightForGlory/scala/akka-http-fupload/)[0m
[0m2021.05.20 15:09:45 INFO  [success] Generated .bloop/root.json[0m
[0m2021.05.20 15:09:45 INFO  [success] Generated .bloop/root-test.json[0m
[0m2021.05.20 15:09:45 INFO  [success] Total time: 0 s, completed May 20, 2021 3:09:46 PM[0m
[0m2021.05.20 15:09:46 INFO  sbt bloopInstall exit: 0[0m
[0m2021.05.20 15:09:46 INFO  time: ran 'sbt bloopInstall' in 35s[0m
[0m2021.05.20 15:09:46 INFO  Attempting to connect to the build server...[0m
Starting the bsp launcher for bloop...
Opening a bsp server connection with 'bsp --protocol local --socket /var/folders/64/9m3qkf3j3998dzzxqwc3dkg80000gn/T/bsp-launcher8027504297317314678/bsp.socket'...
Waiting for the bsp connection to come up...
Waiting for the bsp connection to come up...
Waiting for the bsp connection to come up...
Waiting for the bsp connection to come up...
Waiting for the bsp connection to come up...
Waiting for the bsp connection to come up...
Waiting for the bsp connection to come up...
Waiting for the bsp connection to come up...
Waiting for the bsp connection to come up...
Waiting for the bsp connection to come up...
Waiting for the bsp connection to come up...
Waiting for the bsp connection to come up...
Waiting for the bsp connection to come up...
Waiting for the bsp connection to come up...
May 20, 2021 3:10:00 PM org.eclipse.lsp4j.jsonrpc.services.GenericEndpoint notify
INFO: Unsupported notification method: $/setTrace
Waiting for the bsp connection to come up...
Waiting for the bsp connection to come up...
Waiting for the bsp connection to come up...
Waiting for the bsp connection to come up...
Waiting for the bsp connection to come up...
Waiting for the bsp connection to come up...
Waiting for the bsp connection to come up...
Waiting for the bsp connection to come up...
Waiting for the bsp connection to come up...
Waiting for the bsp connection to come up...
Waiting for the bsp connection to come up...
No server running at 127.0.0.1:8212, let's fire one...
Resolving ch.epfl.scala:bloop-frontend_2.12:1.4.8-19-4d9f966b...
Starting bloop server at 127.0.0.1:8212...
Attempting a connection to the server...
Attempting a connection to the server...
Attempting a connection to the server...
Attempting a connection to the server...
Attempting a connection to the server...
Attempting a connection to the server...
Attempting a connection to the server...
Attempting a connection to the server...
[0m[32m[D][0m Loading 2 projects from '/Users/gemuruhgeopratama/Documents/FightForGlory/scala/akka-http-fupload/.bloop'...
[0m[32m[D][0m Loading project from '/Users/gemuruhgeopratama/Documents/FightForGlory/scala/akka-http-fupload/.bloop/root-test.json'
[0m[32m[D][0m Loading project from '/Users/gemuruhgeopratama/Documents/FightForGlory/scala/akka-http-fupload/.bloop/root.json'
[0m[32m[D][0m Cache miss for scala instance org.scala-lang:scala-compiler:2.13.6.
[0m[32m[D][0m   => /Users/gemuruhgeopratama/Library/Caches/Coursier/v1/https/repo1.maven.org/maven2/net/java/dev/jna/jna/5.3.1/jna-5.3.1.jar
[0m[32m[D][0m   => /Users/gemuruhgeopratama/Library/Caches/Coursier/v1/https/repo1.maven.org/maven2/org/jline/jline/3.19.0/jline-3.19.0.jar
[0m[32m[D][0m   => /Users/gemuruhgeopratama/Library/Caches/Coursier/v1/https/repo1.maven.org/maven2/org/scala-lang/scala-compiler/2.13.6/scala-compiler-2.13.6.jar
[0m[32m[D][0m   => /Users/gemuruhgeopratama/Library/Caches/Coursier/v1/https/repo1.maven.org/maven2/org/scala-lang/scala-library/2.13.6/scala-library-2.13.6.jar
[0m[32m[D][0m   => /Users/gemuruhgeopratama/Library/Caches/Coursier/v1/https/repo1.maven.org/maven2/org/scala-lang/scala-reflect/2.13.6/scala-reflect-2.13.6.jar
[0m[32m[D][0m Missing analysis file for project 'root'
[0m[32m[D][0m Missing analysis file for project 'root-test'
[0m[32m[D][0m Waiting for a connection at local:///var/folders/64/9m3qkf3j3998dzzxqwc3dkg80000gn/T/bsp-launcher8027504297317314678/bsp.socket...
The server is listening for incoming connections at local:///var/folders/64/9m3qkf3j3998dzzxqwc3dkg80000gn/T/bsp-launcher8027504297317314678/bsp.socket...
Starting thread that pumps stdin and redirects it to the bsp server...
Starting thread that pumps server stdout and redirects it to the client stdout...
[0m2021.05.20 15:10:12 INFO  tracing is disabled for protocol BSP, to enable tracing of incoming and outgoing JSON messages create an empty file at /Users/gemuruhgeopratama/Library/Caches/org.scalameta.metals/bsp.trace.json[0m
[0m2021.05.20 15:10:21 INFO  Attempting to connect to the build server...[0m
Starting the bsp launcher for bloop...
Opening a bsp server connection with 'bsp --protocol local --socket /var/folders/64/9m3qkf3j3998dzzxqwc3dkg80000gn/T/bsp-launcher3665668803024507699/bsp.socket'...
[0m2021.05.20 15:10:21 INFO  Waiting for the bsp connection to come up...
Attempting to connect to the build server...[0m
Starting the bsp launcher for bloop...
Opening a bsp server connection with 'bsp --protocol local --socket /var/folders/64/9m3qkf3j3998dzzxqwc3dkg80000gn/T/bsp-launcher6710785181147881991/bsp.socket'...
Waiting for the bsp connection to come up...
[0m[32m[D][0m Loading workspace settings from bloop.settings.json
[0m[32m[D][0m Waiting for a connection at local:///var/folders/64/9m3qkf3j3998dzzxqwc3dkg80000gn/T/bsp-launcher3665668803024507699/bsp.socket...
The server is listening for incoming connections at local:///var/folders/64/9m3qkf3j3998dzzxqwc3dkg80000gn/T/bsp-launcher3665668803024507699/bsp.socket...
Starting thread that pumps stdin and redirects it to the bsp server...
Starting thread that pumps server stdout and redirects it to the client stdout...
[0m[32m[D][0m Loading workspace settings from bloop.settings.json
[0m[32m[D][0m Waiting for a connection at local:///var/folders/64/9m3qkf3j3998dzzxqwc3dkg80000gn/T/bsp-launcher6710785181147881991/bsp.socket...
The server is listening for incoming connections at local:///var/folders/64/9m3qkf3j3998dzzxqwc3dkg80000gn/T/bsp-launcher6710785181147881991/bsp.socket...
Starting thread that pumps stdin and redirects it to the bsp server...
[0m2021.05.20 15:10:21 INFO  tracing is disabled for protocol BSP, to enable tracing of incoming and outgoing JSON messages create an empty file at /Users/gemuruhgeopratama/Library/Caches/org.scalameta.metals/bsp.trace.json[0m
Starting thread that pumps server stdout and redirects it to the client stdout...
[0m2021.05.20 15:10:21 INFO  tracing is disabled for protocol BSP, to enable tracing of incoming and outgoing JSON messages create an empty file at /Users/gemuruhgeopratama/Library/Caches/org.scalameta.metals/bsp.trace.json[0m
[0m2021.05.20 15:10:24 INFO  time: Connected to build server in 37s[0m
[0m2021.05.20 15:10:24 INFO  Connected to Build server: Bloop v1.4.8-19-4d9f966b[0m
[0m2021.05.20 15:10:24 INFO  time: Imported build in 0.17s[0m
[0m2021.05.20 15:10:31 INFO  time: indexed workspace in 6.67s[0m
[0m2021.05.20 15:10:31 INFO  compiling root (5 scala sources)[0m
[0m2021.05.20 15:10:44 INFO  time: compiled root in 12s[0m
May 20, 2021 3:10:56 PM org.eclipse.lsp4j.jsonrpc.RemoteEndpoint handleCancellation
WARNING: Unmatched cancel notification for request id 47
May 20, 2021 3:11:07 PM org.eclipse.lsp4j.jsonrpc.RemoteEndpoint handleCancellation
WARNING: Unmatched cancel notification for request id 58
May 20, 2021 3:12:09 PM org.eclipse.lsp4j.jsonrpc.RemoteEndpoint handleCancellation
WARNING: Unmatched cancel notification for request id 84
[0m2021.05.20 15:12:30 INFO  compiling root (4 scala sources)[0m
[0m2021.05.20 15:12:33 INFO  time: compiled root in 2.95s[0m
May 20, 2021 3:16:05 PM org.eclipse.lsp4j.jsonrpc.services.GenericEndpoint notify
INFO: Unsupported notification method: $/setTrace
May 20, 2021 3:16:56 PM org.eclipse.lsp4j.jsonrpc.services.GenericEndpoint notify
INFO: Unsupported notification method: $/setTrace
[0m2021.05.20 15:17:00 INFO  tracing is disabled for protocol dap-server, to enable tracing of incoming and outgoing JSON messages create an empty file at /Users/gemuruhgeopratama/Library/Caches/org.scalameta.metals/dap-server.trace.json[0m
[0m2021.05.20 15:17:00 INFO  tracing is disabled for protocol dap-client, to enable tracing of incoming and outgoing JSON messages create an empty file at /Users/gemuruhgeopratama/Library/Caches/org.scalameta.metals/dap-client.trace.json[0m
[0m2021.05.20 15:17:00 INFO  Starting debug proxy for [com.geo.fu.Main][0m
[0m2021.05.20 15:17:01 INFO  Listening for transport dt_socket at address: 54439[0m
[0m2021.05.20 15:17:01 INFO  Trying to attach to remote debuggee VM localhost:54439 .[0m
[0m2021.05.20 15:17:01 INFO  Attaching to debuggee VM succeeded.[0m
[0m2021.05.20 15:17:27 INFO  [2021-05-20 15:17:27,145] [INFO] [akka.event.slf4j.Slf4jLogger] [HelloAkkaHttpServer-akka.actor.default-dispatcher-3] [] - Slf4jLogger started[0m
[0m2021.05.20 15:17:38 INFO  [2021-05-20 15:17:38,605] [INFO] [Main] [HelloAkkaHttpServer-akka.actor.default-dispatcher-5] [] - Server online at http://127.0.0.1:8080/[0m
[0m2021.05.20 15:17:45 INFO  Listening for transport dt_socket at address: 54468[0m
[0m2021.05.20 15:17:45 INFO  Canceling debug proxy for [com.geo.fu.Main][0m
May 20, 2021 3:18:06 PM org.eclipse.lsp4j.jsonrpc.RemoteEndpoint handleCancellation
WARNING: Unmatched cancel notification for request id 131
[0m2021.05.20 15:41:33 INFO  compiling root (1 scala source)[0m
[0m2021.05.20 15:41:33 INFO  time: compiled root in 0.98s[0m
May 20, 2021 3:41:35 PM org.eclipse.lsp4j.jsonrpc.RemoteEndpoint handleCancellation
WARNING: Unmatched cancel notification for request id 226
[0m2021.05.20 15:41:41 INFO  compiling root (1 scala source)[0m
[0m2021.05.20 15:41:41 INFO  time: compiled root in 0.39s[0m
[0m2021.05.20 15:41:41 INFO  compiling root (1 scala source)[0m
[0m2021.05.20 15:41:41 INFO  time: compiled root in 0.15s[0m
May 20, 2021 3:41:44 PM org.eclipse.lsp4j.jsonrpc.RemoteEndpoint handleCancellation
WARNING: Unmatched cancel notification for request id 241
[0m2021.05.20 15:41:52 INFO  compiling root (2 scala sources)[0m
[0m2021.05.20 15:41:52 INFO  time: compiled root in 0.33s[0m
[0m2021.05.20 15:41:52 INFO  compiling root (2 scala sources)[0m
[0m2021.05.20 15:41:52 INFO  time: compiled root in 0.11s[0m
May 20, 2021 3:42:04 PM org.eclipse.lsp4j.jsonrpc.RemoteEndpoint handleCancellation
WARNING: Unmatched cancel notification for request id 253
[0m2021.05.20 15:42:04 INFO  compiling root (2 scala sources)[0m
[0m2021.05.20 15:42:04 INFO  time: compiled root in 0.32s[0m
[0m2021.05.20 15:42:04 INFO  compiling root (2 scala sources)[0m
[0m2021.05.20 15:42:04 INFO  time: compiled root in 0.15s[0m
May 20, 2021 3:42:06 PM org.eclipse.lsp4j.jsonrpc.RemoteEndpoint handleCancellation
WARNING: Unmatched cancel notification for request id 260
[0m2021.05.20 15:42:19 INFO  compiling root (2 scala sources)[0m
[0m2021.05.20 15:42:19 INFO  time: compiled root in 0.15s[0m
[0m2021.05.20 15:43:33 INFO  compiling root (2 scala sources)[0m
[0m2021.05.20 15:43:33 INFO  time: compiled root in 0.32s[0m
May 20, 2021 3:43:34 PM org.eclipse.lsp4j.jsonrpc.RemoteEndpoint handleCancellation
WARNING: Unmatched cancel notification for request id 487
May 20, 2021 3:43:58 PM org.eclipse.lsp4j.jsonrpc.RemoteEndpoint handleCancellation
WARNING: Unmatched cancel notification for request id 526
May 20, 2021 3:44:00 PM org.eclipse.lsp4j.jsonrpc.RemoteEndpoint handleCancellation
WARNING: Unmatched cancel notification for request id 531
[0m2021.05.20 15:44:20 INFO  compiling root (2 scala sources)[0m
[0m2021.05.20 15:44:20 INFO  time: compiled root in 0.44s[0m
[0m2021.05.20 15:44:24 ERROR code navigation does not work for the file '/Users/gemuruhgeopratama/Documents/FightForGlory/scala/akka-http-fupload/src/main/scala/com/geo/fu/MinioGetObjectList.scala' because the SemanticDB file '/Users/gemuruhgeopratama/Documents/FightForGlory/scala/akka-http-fupload/.bloop/root/bloop-bsp-clients-classes/classes-Metals-tYTx5g7JTii1yfMeRX0GTQ==/META-INF/semanticdb/src/main/scala/com/geo/fu/MinioGetObjectList.scala.semanticdb' doesn't exist. There can be many reasons for this error. [0m
[0m2021.05.20 15:44:24 ERROR code navigation does not work for the file '/Users/gemuruhgeopratama/Documents/FightForGlory/scala/akka-http-fupload/src/main/scala/com/geo/fu/MinioGetObjectList.scala' because the SemanticDB file '/Users/gemuruhgeopratama/Documents/FightForGlory/scala/akka-http-fupload/.bloop/root/bloop-bsp-clients-classes/classes-Metals-tYTx5g7JTii1yfMeRX0GTQ==/META-INF/semanticdb/src/main/scala/com/geo/fu/MinioGetObjectList.scala.semanticdb' doesn't exist. There can be many reasons for this error. [0m
May 20, 2021 3:44:27 PM org.eclipse.lsp4j.jsonrpc.RemoteEndpoint handleCancellation
WARNING: Unmatched cancel notification for request id 584
[0m2021.05.20 15:44:32 INFO  compiling root (2 scala sources)[0m
[0m2021.05.20 15:44:32 INFO  time: compiled root in 0.17s[0m
May 20, 2021 3:44:35 PM org.eclipse.lsp4j.jsonrpc.RemoteEndpoint handleCancellation
WARNING: Unmatched cancel notification for request id 602
[0m2021.05.20 15:44:49 INFO  shutting down Metals[0m
[0m2021.05.20 15:44:49 INFO  Shut down connection with build server.[0m
[0m2021.05.20 15:44:49 INFO  Shut down connection with build server.[0m
[0m2021.05.20 15:44:49 INFO  Shut down connection with build server.[0m
No more data in the client stdin, exiting...
No more data in the client stdin, exiting...
No more data in the client stdin, exiting...
No more data in the server stdin, exiting...
No more data in the server stdin, exiting...
No more data in the server stdin, exiting...
No more data in the server stdin, exiting...
No more data in the server stdin, exiting...
No more data in the server stdin, exiting...
